"../../../../../ue4 projects/BoxEggEditor/Content/FirstPerson/Audio/FirstPersonTemplateWeaponFire02.uasset" 0
"../../../../../ue4 projects/BoxEggEditor/Content/FirstPerson/Character/Mesh/SK_Mannequin_Arms_Skeleton.uasset" 1
"../../../../../ue4 projects/BoxEggEditor/Content/FirstPerson/Animations/FirstPerson_Idle.uasset" 2
"../../../../../ue4 projects/BoxEggEditor/Content/FirstPerson/Animations/FirstPerson_JumpLoop.uasset" 3
"../../../../../ue4 projects/BoxEggEditor/Content/FirstPerson/Animations/FirstPerson_JumpEnd.uasset" 4
"../../../Engine/Content/EditorBlueprintResources/StandardMacros.uasset" 5
"../../../../../ue4 projects/BoxEggEditor/Content/FirstPerson/Animations/FirstPerson_Run.uasset" 6
"../../../../../ue4 projects/BoxEggEditor/Content/FirstPerson/Animations/FirstPerson_JumpStart.uasset" 7
"../../../../../ue4 projects/BoxEggEditor/Content/FirstPerson/Animations/FirstPerson_AnimBP.uasset" 8
"../../../../../ue4 projects/BoxEggEditor/Content/FirstPerson/Character/Mesh/FirstPersonAnimBlueprint_Copy.uasset" 9
"../../../../../ue4 projects/BoxEggEditor/Content/FirstPerson/Character/Textures/UE4_LOGO_CARD.uasset" 10
"../../../../../ue4 projects/BoxEggEditor/Content/FirstPerson/FPWeapon/Materials/MaterialLayers/ML_Plastic_Shiny_Beige_LOGO.uasset" 11
"../../../../../ue4 projects/BoxEggEditor/Content/FirstPerson/FPWeapon/Materials/MaterialLayers/T_ML_FineRubber.uasset" 12
"../../../../../ue4 projects/BoxEggEditor/Content/FirstPerson/FPWeapon/Mesh/SK_FPGun_PhysicsAsset.uasset" 13
"../../../../../ue4 projects/BoxEggEditor/Content/FirstPerson/Textures/FirstPersonCrosshair.uasset" 14
"../../../../../ue4 projects/BoxEggEditor/Content/FirstPersonBP/FirstPersonOverview.uasset" 15
"../../../../../ue4 projects/BoxEggEditor/Content/Geometry/Meshes/CubeMaterial.uasset" 16
"../../../../../ue4 projects/BoxEggEditor/Content/Geometry/Meshes/1M_Cube_Chamfer.uasset" 17
"../../../../../ue4 projects/BoxEggEditor/Content/Geometry/Meshes/TemplateFloor.uasset" 18
"../../../../../ue4 projects/BoxEggEditor/Content/GoodSky/Source/Textures/T_GoodSky_noise_smooth.uasset" 19
"../../../../../ue4 projects/BoxEggEditor/Content/GoodSky/Source/Materials/Material_Function/MF_GoodSky_LightningFlick.uasset" 20
"../../../../../ue4 projects/BoxEggEditor/Content/GoodSky/Source/Materials/Light_Function/M_GoodSky_StormLightning_LightFunction.uasset" 21
"../../Plugins/2D/Paper2D/Content/PlaceholderTextures/FlatNormalMap.uasset" 22
"../../Plugins/2D/Paper2D/Content/PlaceholderTextures/DummySpriteTexture.uasset" 23
"../../Plugins/2D/Paper2D/Content/DefaultLitSpriteMaterial.uasset" 24
"../../../../../ue4 projects/BoxEggEditor/Content/MainShit/2D/arrow.uasset" 25
"../../../../../ue4 projects/BoxEggEditor/Content/MainShit/2D/arrow_Sprite.uasset" 26
"../../../../../ue4 projects/BoxEggEditor/Content/FirstPerson/Animations/FirstPerson_Fire.uasset" 27
"../../../../../ue4 projects/BoxEggEditor/Content/FirstPerson/Animations/FirstPersonFire_Montage.uasset" 28
"../../../Engine/Content/Functions/MaterialLayerFunctions/MatLayerBlend_Simple.uasset" 29
"../../../Engine/Content/Functions/Engine_MaterialFunctions02/Utility/BlendAngleCorrectedNormals.uasset" 30
"../../../Engine/Content/Functions/MaterialLayerFunctions/MatLayerBlend_NormalBlend.uasset" 31
"../../../../../ue4 projects/BoxEggEditor/Content/FirstPerson/Character/Materials/MaterialLayers/T_ML_Rubber_Blue_01_N.uasset" 32
"../../../../../ue4 projects/BoxEggEditor/Content/FirstPerson/Character/Materials/MaterialLayers/T_ML_Rubber_Blue_01_D.uasset" 33
"../../../../../ue4 projects/BoxEggEditor/Content/FirstPerson/Character/Materials/MaterialLayers/ML_GlossyBlack_Latex_UE4.uasset" 34
"../../../../../ue4 projects/BoxEggEditor/Content/FirstPerson/Character/Materials/MaterialLayers/ML_Plastic_Shiny_Beige.uasset" 35
"../../../../../ue4 projects/BoxEggEditor/Content/FirstPerson/Character/Textures/UE4_Mannequin_MAT_MASKA.uasset" 36
"../../../../../ue4 projects/BoxEggEditor/Content/FirstPerson/Character/Textures/UE4_Mannequin__normals.uasset" 37
"../../../../../ue4 projects/BoxEggEditor/Content/FirstPerson/Character/Materials/MaterialLayers/ML_Plastic_Shiny_Beige_LOGO.uasset" 38
"../../../../../ue4 projects/BoxEggEditor/Content/FirstPerson/Character/Materials/MaterialLayers/T_ML_Aluminum01_N.uasset" 39
"../../../../../ue4 projects/BoxEggEditor/Content/FirstPerson/Character/Materials/MaterialLayers/T_ML_Aluminum01.uasset" 40
"../../../../../ue4 projects/BoxEggEditor/Content/FirstPerson/Character/Materials/MaterialLayers/ML_SoftMetal_UE4.uasset" 41
"../../../../../ue4 projects/BoxEggEditor/Content/FirstPerson/Character/Materials/M_UE4Man_Body.uasset" 42
"../../../../../ue4 projects/BoxEggEditor/Content/FirstPerson/Character/Mesh/SK_Mannequin_Arms_PhysicsAsset.uasset" 43
"../../../../../ue4 projects/BoxEggEditor/Content/FirstPerson/Character/Mesh/SK_Mannequin_Arms.uasset" 44
"../../../../../ue4 projects/BoxEggEditor/Content/MainShit/sounds/SHOOT.uasset" 45
"../../../../../ue4 projects/BoxEggEditor/Content/MainShit/sounds/SHOOT_Cue.uasset" 46
"../../../../../ue4 projects/BoxEggEditor/Content/MainShit/2D/walkie_talkie.uasset" 47
"../../../../../ue4 projects/BoxEggEditor/Content/MainShit/2D/walkie_talkie_Sprite.uasset" 48
"../../../../../ue4 projects/BoxEggEditor/Content/MainShit/2D/gun.uasset" 49
"../../../../../ue4 projects/BoxEggEditor/Content/MainShit/2D/gun_Sprite.uasset" 50
"../../../../../ue4 projects/BoxEggEditor/Content/MainShit/textures/Invisible.uasset" 51
"../../../../../ue4 projects/BoxEggEditor/Content/MainShit/bps/health/BPI_Damagable.uasset" 52
"../../../../../ue4 projects/BoxEggEditor/Content/MainShit/2D/egg.uasset" 53
"../../../../../ue4 projects/BoxEggEditor/Content/MainShit/2D/egg_Sprite.uasset" 54
"../../../../../ue4 projects/BoxEggEditor/Content/FirstPerson/Meshes/BaseMaterial.uasset" 55
"../../../../../ue4 projects/BoxEggEditor/Content/FirstPerson/Meshes/FirstPersonProjectileMaterial.uasset" 56
"../../../../../ue4 projects/BoxEggEditor/Content/FirstPerson/Meshes/FirstPersonProjectileMesh.uasset" 57
"../../../../../ue4 projects/BoxEggEditor/Content/FirstPersonBP/Blueprints/FirstPersonProjectile.uasset" 58
"../../../../../ue4 projects/BoxEggEditor/Content/FirstPerson/FPWeapon/Textures/T_FPGun_N.uasset" 59
"../../../../../ue4 projects/BoxEggEditor/Content/FirstPerson/FPWeapon/Materials/MaterialLayers/T_ML_Aluminum01_N.uasset" 60
"../../../../../ue4 projects/BoxEggEditor/Content/FirstPerson/FPWeapon/Materials/MaterialLayers/T_ML_Aluminum01.uasset" 61
"../../../../../ue4 projects/BoxEggEditor/Content/FirstPerson/FPWeapon/Materials/MaterialLayers/ML_SoftMetal_UE4.uasset" 62
"../../../../../ue4 projects/BoxEggEditor/Content/FirstPerson/FPWeapon/Materials/MaterialLayers/ML_Screen.uasset" 63
"../../../../../ue4 projects/BoxEggEditor/Content/FirstPerson/FPWeapon/Materials/MaterialLayers/ML_Plastic_Shiny_Beige.uasset" 64
"../../../../../ue4 projects/BoxEggEditor/Content/FirstPerson/FPWeapon/Materials/MaterialLayers/T_ML_Rubber_Blue_01_N.uasset" 65
"../../../../../ue4 projects/BoxEggEditor/Content/FirstPerson/FPWeapon/Materials/MaterialLayers/T_ML_Rubber_Blue_01_D.uasset" 66
"../../../../../ue4 projects/BoxEggEditor/Content/FirstPerson/FPWeapon/Materials/MaterialLayers/ML_GlossyBlack_Latex_UE4.uasset" 67
"../../../../../ue4 projects/BoxEggEditor/Content/FirstPerson/FPWeapon/Textures/T_FPGun_M.uasset" 68
"../../../../../ue4 projects/BoxEggEditor/Content/FirstPerson/FPWeapon/Materials/M_FPGun.uasset" 69
"../../../../../ue4 projects/BoxEggEditor/Content/FirstPerson/FPWeapon/Mesh/SK_FPGun_Skeleton.uasset" 70
"../../../../../ue4 projects/BoxEggEditor/Content/FirstPerson/FPWeapon/Mesh/SK_FPGun.uasset" 71
"../../../../../ue4 projects/BoxEggEditor/Content/FirstPersonBP/Blueprints/FirstPersonCharacter.uasset" 72
"../../../../../ue4 projects/BoxEggEditor/Content/MainShit/2D/locker.uasset" 73
"../../../../../ue4 projects/BoxEggEditor/Content/MainShit/2D/locker_Sprite.uasset" 74
"../../../../../ue4 projects/BoxEggEditor/Content/MainShit/bps/bp_locker.uasset" 75
"../../../../../ue4 projects/BoxEggEditor/Content/MainShit/2D/trash.uasset" 76
"../../../../../ue4 projects/BoxEggEditor/Content/MainShit/2D/trash_Sprite.uasset" 77
"../../../../../ue4 projects/BoxEggEditor/Content/MainShit/bps/bp_trash.uasset" 78
"../../../../../ue4 projects/BoxEggEditor/Content/MainShit/sounds/fuck_you_stewpod.uasset" 79
"../../../../../ue4 projects/BoxEggEditor/Content/MainShit/textures/ass_wall.uasset" 80
"../../../../../ue4 projects/BoxEggEditor/Content/StarterContent/Materials/M_Basic_Wall.uasset" 81
"../../../../../ue4 projects/BoxEggEditor/Content/StarterContent/Architecture/Pillar_50x500.uasset" 82
"../../../../../ue4 projects/BoxEggEditor/Content/StarterContent/Architecture/Wall_400x300.uasset" 83
"../../../../../ue4 projects/BoxEggEditor/Content/StarterContent/Architecture/Wall_400x400.uasset" 84
"../../../../../ue4 projects/BoxEggEditor/Content/StarterContent/Architecture/Wall_500x500.uasset" 85
"../../../../../ue4 projects/BoxEggEditor/Content/StarterContent/Architecture/Wall_Door_400x400.uasset" 86
"../../../../../ue4 projects/BoxEggEditor/Content/StarterContent/Architecture/Wall_Window_400x400.uasset" 87
"../../../../../ue4 projects/BoxEggEditor/Content/StarterContent/Audio/Collapse01.uasset" 88
"../../../../../ue4 projects/BoxEggEditor/Content/StarterContent/Audio/Collapse02.uasset" 89
"../../../../../ue4 projects/BoxEggEditor/Content/StarterContent/Audio/Explosion01.uasset" 90
"../../../../../ue4 projects/BoxEggEditor/Content/StarterContent/Audio/Explosion02.uasset" 91
"../../../../../ue4 projects/BoxEggEditor/Content/StarterContent/Audio/Fire01.uasset" 92
"../../../../../ue4 projects/BoxEggEditor/Content/StarterContent/Audio/Fire_Sparks01.uasset" 93
"../../../../../ue4 projects/BoxEggEditor/Content/StarterContent/Audio/Light01.uasset" 94
"../../../../../ue4 projects/BoxEggEditor/Content/StarterContent/Audio/Light01_Cue.uasset" 95
"../../../../../ue4 projects/BoxEggEditor/Content/StarterContent/Audio/Light02.uasset" 96
"../../../../../ue4 projects/BoxEggEditor/Content/StarterContent/Audio/Light02_Cue.uasset" 97
"../../../../../ue4 projects/BoxEggEditor/Content/StarterContent/Audio/Smoke01.uasset" 98
"../../../../../ue4 projects/BoxEggEditor/Content/StarterContent/Audio/Starter_Birds01.uasset" 99
"../../../../../ue4 projects/BoxEggEditor/Content/StarterContent/Audio/Starter_Music01.uasset" 100
"../../../../../ue4 projects/BoxEggEditor/Content/StarterContent/Audio/Starter_Wind05.uasset" 101
"../../../../../ue4 projects/BoxEggEditor/Content/StarterContent/Audio/Starter_Wind06.uasset" 102
"../../../../../ue4 projects/BoxEggEditor/Content/StarterContent/Audio/Steam01.uasset" 103
"../../../../../ue4 projects/BoxEggEditor/Content/StarterContent/Textures/T_Smoke_Tiled_D.uasset" 104
"../../../../../ue4 projects/BoxEggEditor/Content/StarterContent/Textures/T_Smoke_SubUV.uasset" 105
"../../../../../ue4 projects/BoxEggEditor/Content/StarterContent/Particles/Materials/M_smoke_subUV.uasset" 106
"../../../Engine/Content/Functions/Engine_MaterialFunctions01/Gradient/RadialGradient.uasset" 107
"../../../../../ue4 projects/BoxEggEditor/Content/StarterContent/Particles/Materials/M_radial_ramp.uasset" 108
"../../../../../ue4 projects/BoxEggEditor/Content/StarterContent/Particles/Materials/m_flare_01.uasset" 109
"../../../../../ue4 projects/BoxEggEditor/Content/StarterContent/Textures/T_Explosion_SubUV.uasset" 110
"../../../../../ue4 projects/BoxEggEditor/Content/StarterContent/Particles/Materials/M_explosion_subUV.uasset" 111
"../../../../../ue4 projects/BoxEggEditor/Content/StarterContent/Textures/T_Burst_M.uasset" 112
"../../../../../ue4 projects/BoxEggEditor/Content/StarterContent/Particles/Materials/M_Burst.uasset" 113
"../../../../../ue4 projects/BoxEggEditor/Content/StarterContent/Particles/P_Explosion.uasset" 114
"../../../../../ue4 projects/BoxEggEditor/Content/StarterContent/Audio/Explosion_Cue.uasset" 115
"../../../../../ue4 projects/BoxEggEditor/Content/StarterContent/Blueprints/Blueprint_Effect_Explosion.uasset" 116
"../../../Engine/Content/EditorMeshes/ColorCalibrator/T_ColorGrid.uasset" 117
"../../../../../ue4 projects/BoxEggEditor/Content/StarterContent/Materials/M_ColorGrid_LowSpec.uasset" 118
"../../../../../ue4 projects/BoxEggEditor/Content/StarterContent/Textures/T_Bush_N.uasset" 119
"../../../../../ue4 projects/BoxEggEditor/Content/StarterContent/Textures/T_Bush_D.uasset" 120
"../../../../../ue4 projects/BoxEggEditor/Content/StarterContent/Props/Materials/M_Bush.uasset" 121
"../../../../../ue4 projects/BoxEggEditor/Content/StarterContent/Props/SM_Bush.uasset" 122
"../../../../../ue4 projects/BoxEggEditor/Content/StarterContent/Textures/T_Chair_N.uasset" 123
"../../../../../ue4 projects/BoxEggEditor/Content/StarterContent/Textures/T_Chair_M.uasset" 124
"../../../../../ue4 projects/BoxEggEditor/Content/StarterContent/Props/Materials/M_Chair.uasset" 125
"../../../../../ue4 projects/BoxEggEditor/Content/StarterContent/Props/SM_Couch.uasset" 126
"../../../../../ue4 projects/BoxEggEditor/Content/StarterContent/Textures/T_Door_N.uasset" 127
"../../../../../ue4 projects/BoxEggEditor/Content/StarterContent/Textures/T_Door_M.uasset" 128
"../../../../../ue4 projects/BoxEggEditor/Content/StarterContent/Props/Materials/M_Door.uasset" 129
"../../../../../ue4 projects/BoxEggEditor/Content/StarterContent/Materials/M_Glass.uasset" 130
"../../../../../ue4 projects/BoxEggEditor/Content/StarterContent/Props/SM_Door.uasset" 131
"../../../../../ue4 projects/BoxEggEditor/Content/StarterContent/Props/Materials/M_MaterialSphere_Plain.uasset" 132
"../../../../../ue4 projects/BoxEggEditor/Content/StarterContent/Props/Materials/M_MaterialSphere.uasset" 133
"../../../../../ue4 projects/BoxEggEditor/Content/StarterContent/Props/SM_MatPreviewMesh_02.uasset" 134
"../../../../../ue4 projects/BoxEggEditor/Content/StarterContent/Textures/T_RockMesh_N.uasset" 135
"../../../../../ue4 projects/BoxEggEditor/Content/StarterContent/Textures/T_RockMesh_M.uasset" 136
"../../../../../ue4 projects/BoxEggEditor/Content/StarterContent/Textures/T_Rock_Basalt_D.uasset" 137
"../../../../../ue4 projects/BoxEggEditor/Content/StarterContent/Textures/T_Detail_Rocky_N.uasset" 138
"../../../../../ue4 projects/BoxEggEditor/Content/StarterContent/Props/Materials/M_Rock.uasset" 139
"../../../../../ue4 projects/BoxEggEditor/Content/StarterContent/Props/SM_Rock.uasset" 140
"../../../../../ue4 projects/BoxEggEditor/Content/StarterContent/Textures/T_Shelf_N.uasset" 141
"../../../../../ue4 projects/BoxEggEditor/Content/StarterContent/Textures/T_Shelf_M.uasset" 142
"../../../../../ue4 projects/BoxEggEditor/Content/StarterContent/Props/Materials/M_Shelf.uasset" 143
"../../../../../ue4 projects/BoxEggEditor/Content/StarterContent/Props/SM_Shelf.uasset" 144
"../../../../../ue4 projects/BoxEggEditor/Content/StarterContent/Materials/M_Basic_Floor.uasset" 145
"../../../../../ue4 projects/BoxEggEditor/Content/StarterContent/Props/SM_Stairs.uasset" 146
"../../../../../ue4 projects/BoxEggEditor/Content/StarterContent/Shapes/Shape_Cone.uasset" 147
"../../../../../ue4 projects/BoxEggEditor/Content/StarterContent/Shapes/Shape_Cylinder.uasset" 148
"../../../../../ue4 projects/BoxEggEditor/Content/StarterContent/Shapes/Shape_NarrowCapsule.uasset" 149
"../../../../../ue4 projects/BoxEggEditor/Content/StarterContent/Shapes/Shape_Pipe.uasset" 150
"../../../../../ue4 projects/BoxEggEditor/Content/StarterContent/Shapes/Shape_Pipe_180.uasset" 151
"../../../../../ue4 projects/BoxEggEditor/Content/StarterContent/Shapes/Shape_Pipe_90.uasset" 152
"../../../../../ue4 projects/BoxEggEditor/Content/StarterContent/Shapes/Shape_Plane.uasset" 153
"../../../../../ue4 projects/BoxEggEditor/Content/StarterContent/Shapes/Shape_Torus.uasset" 154
"../../../../../ue4 projects/BoxEggEditor/Content/StarterContent/Shapes/Shape_Trim.uasset" 155
"../../../../../ue4 projects/BoxEggEditor/Content/StarterContent/Shapes/Shape_Trim_90_In.uasset" 156
"../../../../../ue4 projects/BoxEggEditor/Content/StarterContent/Shapes/Shape_Trim_90_Out.uasset" 157
"../../../../../ue4 projects/BoxEggEditor/Content/StarterContent/Shapes/Shape_TriPyramid.uasset" 158
"../../../../../ue4 projects/BoxEggEditor/Content/StarterContent/Shapes/Shape_Tube.uasset" 159
"../../../../../ue4 projects/BoxEggEditor/Content/StarterContent/Shapes/Shape_Wedge_A.uasset" 160
"../../../../../ue4 projects/BoxEggEditor/Content/StarterContent/Shapes/Shape_Wedge_B.uasset" 161
"../../../../../ue4 projects/BoxEggEditor/Content/StarterContent/Shapes/Shape_WideCapsule.uasset" 162
"../../../Engine/Content/Animation/DefaultAnimBoneCompressionSettings.uasset" 163
"../../../Engine/Content/Animation/DefaultAnimCurveCompressionSettings.uasset" 164
"../../../Engine/Content/EngineMaterials/T_Default_Material_Grid_N.uasset" 165
"../../../Engine/Content/EngineMaterials/T_Default_Material_Grid_M.uasset" 166
"../../../Engine/Content/Functions/Engine_MaterialFunctions01/Opacity/CameraDepthFade.uasset" 167
"../../../Engine/Content/EngineMaterials/WorldGridMaterial.uasset" 168
"../../../Engine/Content/ArtTools/RenderToTexture/Meshes/S_1_Unit_Plane.uasset" 169
"../../../Engine/Content/EngineMaterials/DefaultMaterial.uasset" 170
"../../../Engine/Content/BasicShapes/Cone.uasset" 171
"../../../Engine/Content/EditorLandscapeResources/DataLayer.uasset" 172
"../../../Engine/Content/EditorLandscapeResources/DefaultAlphaTexture.uasset" 173
"../../../Engine/Content/EditorMaterials/MAT_Groups_Toggle.uasset" 174
"../../../Engine/Content/EditorMaterials/MAT_Groups_Visibility.uasset" 175
"../../../Engine/Content/EditorMaterials/PreviewShadowIndicator.uasset" 176
"../../../Engine/Content/EditorMaterials/PreviewShadowIndicatorMaterial.uasset" 177
"../../../Engine/Content/EditorMaterials/MatineeGroups/MAT_ColorTrack.uasset" 178
"../../../Engine/Content/EditorMaterials/MatineeGroups/MAT_Groups_Anim.uasset" 179
"../../../Engine/Content/EditorMaterials/MatineeGroups/MAT_Groups_AudioMaster.uasset" 180
"../../../Engine/Content/EditorMaterials/MatineeGroups/MAT_Groups_Director.uasset" 181
"../../../Engine/Content/EditorMaterials/MatineeGroups/MAT_Groups_Event.uasset" 182
"../../../Engine/Content/EditorMaterials/MatineeGroups/MAT_Groups_Fade.uasset" 183
"../../../Engine/Content/EditorMaterials/MatineeGroups/MAT_Groups_Float.uasset" 184
"../../../Engine/Content/EditorMaterials/MatineeGroups/MAT_Groups_Move.uasset" 185
"../../../Engine/Content/EditorMaterials/MatineeGroups/MAT_Groups_Slomo.uasset" 186
"../../../Engine/Content/EditorMaterials/MatineeGroups/MAT_Groups_Sound.uasset" 187
"../../../Engine/Content/EditorMaterials/MatineeGroups/MAT_Groups_Vector.uasset" 188
"../../../Engine/Content/EditorMaterials/ParticleSystems/PSysThumbnail_NoImage.uasset" 189
"../../../Engine/Content/EditorMaterials/ParticleSystems/PSysThumbnail_OOD.uasset" 190
"../../../Engine/Content/EditorMaterials/Camera/CineMat.uasset" 191
"../../../Engine/Content/EditorMaterials/Camera/MI_CineMat_Rig.uasset" 192
"../../../Engine/Content/EditorMeshes/Camera/SM_CraneRig_Arm.uasset" 193
"../../../Engine/Content/EditorMeshes/Camera/SM_CraneRig_Base.uasset" 194
"../../../Engine/Content/EditorMeshes/Camera/SM_CraneRig_Body.uasset" 195
"../../../Engine/Content/EditorMeshes/Camera/SM_CraneRig_Mount.uasset" 196
"../../../Engine/Content/EditorMeshes/Camera/SM_RailRig_Mount.uasset" 197
"../../../Engine/Content/EditorMeshes/Camera/SM_RailRig_Track.uasset" 198
"../../../Engine/Content/EditorResources/BSPVertex.uasset" 199
"../../../Engine/Content/EditorResources/EmptyActor.uasset" 200
"../../../Engine/Content/EditorResources/S_Actor.uasset" 201
"../../../Engine/Content/EditorResources/S_Note.uasset" 202
"../../../Engine/Content/EditorResources/S_Solver.uasset" 203
"../../../Engine/Content/EditorResources/S_Terrain.uasset" 204
"../../../Engine/Content/EditorResources/S_Trigger.uasset" 205
"../../../Engine/Content/EditorResources/AudioIcons/S_AudioComponent.uasset" 206
"../../../Engine/Content/EditorResources/AudioIcons/S_AudioComponent_AutoActivate.uasset" 207
"../../../Engine/Content/EditorResources/LightIcons/S_LightError.uasset" 208
"../../../Engine/Content/EditorResources/SequenceRecorder/Countdown.uasset" 209
"../../../Engine/Content/EditorResources/SequenceRecorder/RecordingIndicator.uasset" 210
"../../../Engine/Content/EngineDamageTypes/DmgTypeBP_Environmental.uasset" 211
"../../../Engine/Content/EngineDebugMaterials/DebugEditorMaterial.uasset" 212
"../../../Engine/Content/EngineDebugMaterials/DebugMeshMaterial.uasset" 213
"../../../Engine/Content/EngineDebugMaterials/M_SimpleUnlitTranslucent.uasset" 214
"../../../Engine/Content/EngineDebugMaterials/VolumeToRender.uasset" 215
"../../../Engine/Content/Functions/Engine_MaterialFunctions02/Utility/CameraDirectionVector.uasset" 216
"../../../Engine/Content/EngineDebugMaterials/M_VolumeRenderSphereTracePP.uasset" 217
"../../../Engine/Content/Functions/Engine_MaterialFunctions01/Shading/ConvertFromDiffSpec.uasset" 218
"../../../Engine/Content/EngineDebugMaterials/VertexColorMaterial.uasset" 219
"../../../Engine/Content/EngineDebugMaterials/WireframeMaterial.uasset" 220
"../../../Engine/Content/EngineFonts/Faces/RobotoRegular.uasset" 221
"../../../Engine/Content/EngineFonts/Faces/RobotoLight.uasset" 222
"../../../Engine/Content/EngineFonts/Faces/RobotoItalic.uasset" 223
"../../../Engine/Content/EngineFonts/Faces/RobotoBoldItalic.uasset" 224
"../../../Engine/Content/EngineFonts/Faces/RobotoBold.uasset" 225
"../../../Engine/Content/EngineFonts/Faces/DroidSansFallback.uasset" 226
"../../../Engine/Content/EngineFonts/Roboto.uasset" 227
"../../../Engine/Content/EngineMaterials/BaseFlattenNormalMap.uasset" 228
"../../../Engine/Content/EngineMaterials/BaseFlattenGrayscaleMap.uasset" 229
"../../../Engine/Content/EngineMaterials/BaseFlattenEmissiveMap.uasset" 230
"../../../Engine/Content/EngineMaterials/BaseFlattenDiffuseMap.uasset" 231
"../../../Engine/Content/EngineMaterials/BaseFlattenMaterial.uasset" 232
"../../../Engine/Content/EngineMaterials/BlueNoise.uasset" 233
"../../../Engine/Content/EngineMaterials/DefaultBloomKernel.uasset" 234
"../../../Engine/Content/EngineMaterials/DefaultBokeh.uasset" 235
"../../../Engine/Content/EngineMaterials/DefaultDiffuse.uasset" 236
"../../../Engine/Content/EngineMaterials/DefaultDeferredDecalMaterial.uasset" 237
"../../../Engine/Content/EngineMaterials/DefaultLightFunctionMaterial.uasset" 238
"../../../Engine/Content/EngineMaterials/DefaultPhysicalMaterial.uasset" 239
"../../../Engine/Content/Functions/Engine_MaterialFunctions02/Utility/BreakOutFloat2Components.uasset" 240
"../../../Engine/Content/EngineMaterials/DefaultPostProcessMaterial.uasset" 241
"../../../Engine/Content/EngineFonts/RobotoDistanceField.uasset" 242
"../../../Engine/Content/EngineMaterials/DefaultTextMaterialOpaque.uasset" 243
"../../../Engine/Content/EngineMaterials/DefaultWhiteGrid.uasset" 244
"../../../Engine/Content/EngineMaterials/DefaultWhiteGrid_Low.uasset" 245
"../../../Engine/Content/EngineMaterials/EmissiveMeshMaterial.uasset" 246
"../../../Engine/Content/EngineMaterials/GizmoMaterial.uasset" 247
"../../../Engine/Content/EngineMaterials/Good64x64TilingNoiseHighFreq.uasset" 248
"../../../Engine/Content/EngineMaterials/MiniFont.uasset" 249
"../../../Engine/Content/EngineMaterials/InvalidLightmapSettings.uasset" 250
"../../../Engine/Content/EngineMaterials/M_InvalidLightmapSettings.uasset" 251
"../../../Engine/Content/Functions/Engine_MaterialFunctions02/WorldPositionOffset/CameraOffset.uasset" 252
"../../../Engine/Content/EngineMaterials/PhAT_JointLimitMaterial.uasset" 253
"../../../Engine/Content/EngineMaterials/PreintegratedSkinBRDF.uasset" 254
"../../../Engine/Content/EngineMaterials/RemoveSurfaceMaterial.uasset" 255
"../../../Engine/Content/EngineMaterials/WeightMapPlaceholderTexture.uasset" 256
"../../../Engine/Content/EngineResources/WhiteSquareTexture.uasset" 257
"../../../Engine/Content/EngineMaterials/Widget3DPassThrough.uasset" 258
"../../../Engine/Content/EngineMaterials/Widget3DPassThrough_Masked.uasset" 259
"../../../Engine/Content/EngineMaterials/Widget3DPassThrough_Opaque.uasset" 260
"../../../Engine/Content/EngineMaterials/Widget3DPassThrough_Masked_OneSided.uasset" 261
"../../../Engine/Content/EngineMaterials/Widget3DPassThrough_Opaque_OneSided.uasset" 262
"../../../Engine/Content/EngineMaterials/Widget3DPassThrough_Translucent.uasset" 263
"../../../Engine/Content/EngineMaterials/Widget3DPassThrough_Translucent_OneSided.uasset" 264
"../../../Engine/Content/EngineMeshes/Cylinder.uasset" 265
"../../../Engine/Content/EngineMeshes/Sphere.uasset" 266
"../../../Engine/Content/EngineResources/Black.uasset" 267
"../../../Engine/Content/EngineResources/DefaultTextureCube.uasset" 268
"../../../Engine/Content/EngineResources/DefaultVolumeTexture2D.uasset" 269
"../../../Engine/Content/EngineResources/DefaultVolumeTexture.uasset" 270
"../../../Engine/Content/EngineResources/GradientTexture0.uasset" 271
"../../../Engine/Content/EngineSky/VolumetricClouds/T_NoiseShape64.uasset" 272
"../../../Engine/Content/EngineSky/VolumetricClouds/T_VolumeNoiseShape64.uasset" 273
"../../../Engine/Content/EngineSky/VolumetricClouds/T_NoiseErosion.uasset" 274
"../../../Engine/Content/EngineSky/VolumetricClouds/T_VolumeNoiseErosion32.uasset" 275
"../../../Engine/Content/EngineSky/VolumetricClouds/CloudWeatherTexture.uasset" 276
"../../../Engine/Content/EngineSky/VolumetricClouds/CloudGradientTexture.uasset" 277
"../../../Engine/Content/Functions/Engine_MaterialFunctions02/Utility/MakeFloat2.uasset" 278
"../../../Engine/Content/EngineSky/VolumetricClouds/m_SimpleVolumetricCloud.uasset" 279
"../../../Engine/Content/EngineSky/VolumetricClouds/m_SimpleVolumetricCloud_Inst.uasset" 280
"../../../Engine/Content/EngineSounds/Master.uasset" 281
"../../../Engine/Content/Functions/Engine_MaterialFunctions01/Shading/PowerToRoughness.uasset" 282
"../../../Engine/Content/Maps/Templates/Thumbnails/Default.uasset" 283
"../../../Engine/Content/Maps/Templates/Thumbnails/TimeOfDay.uasset" 284
"../../../Engine/Content/Maps/Templates/Thumbnails/VR-Basic.uasset" 285
"../../../Engine/Content/MobileResources/T_MobileControls_texture.uasset" 286
"../../../Engine/Content/MobileResources/T_MobileMenu2.uasset" 287
"../../../Engine/Content/MobileResources/HUD/AnalogHat.uasset" 288
"../../../Engine/Content/MobileResources/HUD/VirtualJoystick_Thumb.uasset" 289
"../../../Engine/Content/MobileResources/HUD/VirtualJoystick_Background.uasset" 290
"../../../Engine/Content/MobileResources/HUD/DefaultVirtualJoysticks.uasset" 291
"../../../Engine/Content/MobileResources/HUD/LeftVirtualJoystickOnly.uasset" 292
"../../../Engine/Content/MobileResources/HUD/MobileHUDButton1_off.uasset" 293
"../../../Engine/Content/MobileResources/HUD/MobileHUDButton1_on.uasset" 294
"../../../Engine/Content/MobileResources/HUD/MobileHUDButton2_off.uasset" 295
"../../../Engine/Content/MobileResources/HUD/MobileHUDButton2_on.uasset" 296
"../../../Engine/Content/MobileResources/HUD/MobileHUDButton3.uasset" 297
"../../../Engine/Content/MobileResources/HUD/MobileHUDButtonFire.uasset" 298
"../../../Engine/Content/MobileResources/HUD/MobileHUDDirectionPad.uasset" 299
"../../../Engine/Content/MobileResources/HUD/MobileHUDDirectionPad2.uasset" 300
"../../../Engine/Content/MobileResources/HUD/MobileHUDDirectionPad3.uasset" 301
"../../../Engine/Content/MobileResources/HUD/MobileHUDDirectionStick.uasset" 302
"../../../Engine/Content/MobileResources/HUD/T_Castle_ThumbstickInner.uasset" 303
"../../../Engine/Content/MobileResources/HUD/T_Castle_ThumbstickOutter.uasset" 304
"../../../Engine/Content/Tutorial/ContentIntroCurve.uasset" 305
"../../../Engine/Content/Tutorial/Basics/LevelEditorAttract.uasset" 306
"../../../Engine/Content/VREditor/TransformGizmo/TranslucentTransformGizmoMaterial.uasset" 307
"../../../Engine/Content/VREditor/LaserPointer/VR_LaserPower_01.uasset" 308
"../../../Engine/Content/VREditor/TransformGizmo/TransformGizmoMaterial.uasset" 309
"../../../Engine/Content/VREditor/TransformGizmo/BoundingBoxCorner.uasset" 310
"../../../Engine/Content/VREditor/TransformGizmo/BoundingBoxEdge.uasset" 311
"../../../Engine/Content/VREditor/TransformGizmo/PlaneTranslationHandle.uasset" 312
"../../../Engine/Content/VREditor/TransformGizmo/Xray.uasset" 313
"../../../Engine/Content/VREditor/TransformGizmo/Main.uasset" 314
"../../../Engine/Content/VREditor/TransformGizmo/SM_Sequencer_Key.uasset" 315
"../../../Engine/Content/VREditor/TransformGizmo/SM_Sequencer_Node.uasset" 316
"../../Plugins/2D/Paper2D/Content/DummySprite.uasset" 317
"../../Plugins/2D/Paper2D/Content/DefaultPaperTerrainMaterial.uasset" 318
"../../Plugins/2D/Paper2D/Content/DefaultSpriteMaterial.uasset" 319
"../../Plugins/2D/Paper2D/Content/MaskedUnlitSpriteMaterial.uasset" 320
"../../Plugins/2D/Paper2D/Content/OpaqueUnlitSpriteMaterial.uasset" 321
"../../../Engine/Content/Functions/Engine_MaterialFunctions02/Utility/BreakOutFloat3Components.uasset" 322
"../../Plugins/Editor/SpeedTreeImporter/Content/SpeedTree9/UnpackInteger3.uasset" 323
"../../Plugins/Editor/SpeedTreeImporter/Content/SpeedTree9/UnpackDirection.uasset" 324
"../../Plugins/Editor/SpeedTreeImporter/Content/SpeedTree9/game_wind_noise.uasset" 325
"../../../Engine/Content/Functions/Engine_MaterialFunctions02/SafeNormalize.uasset" 326
"../../Plugins/Editor/SpeedTreeImporter/Content/SpeedTree9/SpeedTreeWindMotion.uasset" 327
"../../Plugins/Editor/SpeedTreeImporter/Content/SpeedTree9/SpeedTreeBranchMotion.uasset" 328
"../../../Engine/Content/Functions/Engine_MaterialFunctions02/ObjectLocalBounds.uasset" 329
"../../../Engine/Content/Functions/Engine_MaterialFunctions02/UVs/BoundingBoxBased_0-1_UVW.uasset" 330
"../../Plugins/Editor/SpeedTreeImporter/Content/SpeedTree9/SpeedTreeWind.uasset" 331
"../../Plugins/Editor/SpeedTreeImporter/Content/SpeedTree9/SpeedTreeBillboard.uasset" 332
"../../../Engine/Content/EngineResources/DefaultTexture.uasset" 333
"../../Plugins/Editor/SpeedTreeImporter/Content/SpeedTree9/SpeedTreeBillboardMaster.uasset" 334
"../../Plugins/Editor/SpeedTreeImporter/Content/SpeedTree9/SpeedTreeCameraFacing.uasset" 335
"../../Plugins/Editor/SpeedTreeImporter/Content/SpeedTree9/SpeedTreeMaster.uasset" 336
"../../../Engine/Content/BasicShapes/Cylinder.uasset" 337
"../../../Engine/Content/ArtTools/RenderToTexture/Materials/Debug/M_Emissive_Color.uasset" 338
"../../Plugins/Lumin/MagicLeapPassableWorld/Content/MagicLeapARPinInfoActor.uasset" 339
"../../../Engine/Content/Functions/Engine_MaterialFunctions02/Utility/BreakOutFloat4Components.uasset" 340
"../../../Engine/Content/Functions/Engine_MaterialFunctions02/Utility/MakeFloat3.uasset" 341
"../../Plugins/Runtime/Oculus/OculusVR/Content/Materials/OculusMR_ChromaKey.uasset" 342
"../../Plugins/Runtime/Oculus/OculusVR/Content/Materials/OculusMR_OpaqueColoredMaterial.uasset" 343
"../../Plugins/Runtime/Oculus/OculusVR/Content/Materials/PokeAHoleMaterial.uasset" 344
"../../../../../ue4 projects/BoxEggEditor/Content/GoodSky/Source/Textures/T_GoodSky_Stars.uasset" 345
"../../../../../ue4 projects/BoxEggEditor/Content/GoodSky/Source/Textures/T_GoodSky_clouds_sphere.uasset" 346
"../../../../../ue4 projects/BoxEggEditor/Content/GoodSky/Source/Textures/T_GoodSky_clouds_F.uasset" 347
"../../../../../ue4 projects/BoxEggEditor/Content/GoodSky/Source/Textures/T_GoodSky_clouds_D.uasset" 348
"../../../../../ue4 projects/BoxEggEditor/Content/GoodSky/Source/Textures/T_GoodSky_clouds_B.uasset" 349
"../../../../../ue4 projects/BoxEggEditor/Content/GoodSky/Source/Textures/T_GoodSky_clouds_A.uasset" 350
"../../../../../ue4 projects/BoxEggEditor/Content/Geometry/Meshes/1M_Cube.uasset" 351
"../../../Engine/Content/Functions/Engine_MaterialFunctions01/Gradient/LinearGradient.uasset" 352
"../../../../../ue4 projects/BoxEggEditor/Content/GoodSky/Source/Materials/Material_Function/MF_GoodSky_Top_part_alpha.uasset" 353
"../../../../../ue4 projects/BoxEggEditor/Content/GoodSky/Source/Materials/Material_Function/MF_GoodSky_Time.uasset" 354
"../../../../../ue4 projects/BoxEggEditor/Content/GoodSky/Source/Materials/Material_Function/MF_GoodSky_SkyDomeAlpha.uasset" 355
"../../../../../ue4 projects/BoxEggEditor/Content/GoodSky/Source/Materials/Material_Function/MF_GoodSky_Global_Setting.uasset" 356
"../../../../../ue4 projects/BoxEggEditor/Content/GoodSky/Source/Materials/Material_Function/MF_GoodSky_Clouds_Setting.uasset" 357
"../../../../../ue4 projects/BoxEggEditor/Content/GoodSky/Source/Materials/M_GoodSky_Sun_Stars.uasset" 358
"../../../../../ue4 projects/BoxEggEditor/Content/FirstPersonBP/Maps/FirstPersonExampleMap_BuiltData.uasset" 359
"../../../Engine/Content/BasicShapes/BasicShapeMaterial.uasset" 360
"../../../Engine/Content/BasicShapes/Cube.uasset" 361
"../../../../../ue4 projects/BoxEggEditor/Content/MainShit/bps/enemy/bp_mother-fucker.uasset" 362
"../../../../../ue4 projects/BoxEggEditor/Content/MainShit/2D/WHITTY_FROM_PENIS_NIGHT_FUNKIN.uasset" 363
"../../../../../ue4 projects/BoxEggEditor/Content/MainShit/2D/WHITTY_FROM_PENIS_NIGHT_FUNKIN_Sprite.uasset" 364
"../../../../../ue4 projects/BoxEggEditor/Content/MainShit/bps/bp_whitty.uasset" 365
"../../../../../ue4 projects/BoxEggEditor/Content/MainShit/textures/mean_box.uasset" 366
"../../../../../ue4 projects/BoxEggEditor/Content/MainShit/textures/mean_box_Mat.uasset" 367
"../../../../../ue4 projects/BoxEggEditor/Content/MainShit/bps/bp_meanbox.uasset" 368
"../../../../../ue4 projects/BoxEggEditor/Content/MainShit/sounds/OW.uasset" 369
"../../../../../ue4 projects/BoxEggEditor/Content/MainShit/sounds/OW_Cue.uasset" 370
"../../../../../ue4 projects/BoxEggEditor/Content/MainShit/sounds/fuck_this_guy4.uasset" 371
"../../../../../ue4 projects/BoxEggEditor/Content/MainShit/sounds/fuck_this_guy3.uasset" 372
"../../../../../ue4 projects/BoxEggEditor/Content/MainShit/sounds/fuck_this_guy2.uasset" 373
"../../../../../ue4 projects/BoxEggEditor/Content/MainShit/sounds/fuck_this_guy.uasset" 374
"../../../../../ue4 projects/BoxEggEditor/Content/MainShit/sounds/fuck_you_cue.uasset" 375
"../../../../../ue4 projects/BoxEggEditor/Content/MainShit/2D/fuck_you.uasset" 376
"../../../../../ue4 projects/BoxEggEditor/Content/MainShit/2D/fuck_you_Sprite.uasset" 377
"../../../../../ue4 projects/BoxEggEditor/Content/MainShit/bps/enemy/bp_help.uasset" 378
"../../../../../ue4 projects/BoxEggEditor/Content/GoodSky/Source/Textures/T_GoodSky_clouds_E.uasset" 379
"../../../../../ue4 projects/BoxEggEditor/Content/GoodSky/Source/Textures/T_GoodSky_clouds_C.uasset" 380
"../../../../../ue4 projects/BoxEggEditor/Content/GoodSky/Source/Materials/M_GoodSky_Base.uasset" 381
"../../../../../ue4 projects/BoxEggEditor/Content/GoodSky/Source/Mesh/SM_GoodSky_Sphere.uasset" 382
"../../../../../ue4 projects/BoxEggEditor/Content/GoodSky/Source/Mesh/SM_GoodSky_Hemisphere.uasset" 383
"../../../../../ue4 projects/BoxEggEditor/Content/GoodSky/Source/Data/Enum/Enum_GoodSky_Style_Clouds.uasset" 384
"../../../../../ue4 projects/BoxEggEditor/Content/GoodSky/Source/Data/Enum/Enum_GoodSky_Preset.uasset" 385
"../../../../../ue4 projects/BoxEggEditor/Content/GoodSky/Source/Data/Enum/Enum_GoodSky_Effects.uasset" 386
"../../../../../ue4 projects/BoxEggEditor/Content/GoodSky/Source/Data/Enum/Enum_GoodSky_Clouds_Coverage.uasset" 387
"../../../../../ue4 projects/BoxEggEditor/Content/GoodSky/Source/ArrowTool/M_GoodSky_Sun_Emissive.uasset" 388
"../../../../../ue4 projects/BoxEggEditor/Content/GoodSky/Source/ArrowTool/SM_GoodSky_StarMesh.uasset" 389
"../../../Engine/Content/BasicShapes/Sphere.uasset" 390
"../../../Engine/Content/BasicShapes/Plane.uasset" 391
"../../../../../ue4 projects/BoxEggEditor/Content/GoodSky/Source/Textures/T_GoodSky_Moon.uasset" 392
"../../../Engine/Content/Functions/Engine_MaterialFunctions01/Texturing/ScaleUVsAroundPoint.uasset" 393
"../../../Engine/Content/Functions/Engine_MaterialFunctions01/Density/ExponentialDensity.uasset" 394
"../../../Engine/Content/Functions/Engine_MaterialFunctions01/Gradient/RadialGradientExponential.uasset" 395
"../../../../../ue4 projects/BoxEggEditor/Content/GoodSky/Source/Materials/Material_Function/MF_GoodSky_Moon_Setting.uasset" 396
"../../../../../ue4 projects/BoxEggEditor/Content/GoodSky/Source/Materials/M_GoodSky_Sun_Stars_Moon.uasset" 397
"../../../../../ue4 projects/BoxEggEditor/Content/GoodSky/Source/Textures/T_GoodSky_Lightning.uasset" 398
"../../../Engine/Content/Functions/Engine_MaterialFunctions02/ExampleContent/Textures/DebugNumberPeriod.uasset" 399
"../../../Engine/Content/Functions/Engine_MaterialFunctions02/ExampleContent/DebugNumberStrip.uasset" 400
"../../../Engine/Content/Functions/Engine_MaterialFunctions01/Texturing/TextureCropping.uasset" 401
"../../../Engine/Content/Functions/Engine_MaterialFunctions01/Texturing/ComputeMipLevel.uasset" 402
"../../../Engine/Content/Functions/Engine_MaterialFunctions02/Utility/DebugScalarValues.uasset" 403
"../../../Engine/Content/Functions/Engine_MaterialFunctions02/Utility/DebugFloat3Values.uasset" 404
"../../../Engine/Content/Functions/Engine_MaterialFunctions02/Math/RGBtoHSV.uasset" 405
"../../../Engine/Content/Functions/Engine_MaterialFunctions01/ImageAdjustment/DeriveHDRfromLDR.uasset" 406
"../../../../../ue4 projects/BoxEggEditor/Content/GoodSky/Source/Materials/M_GoodSky_Storm.uasset" 407
"../../../../../ue4 projects/BoxEggEditor/Content/GoodSky/Source/Materials/M_GoodSky_Moon.uasset" 408
"../../../../../ue4 projects/BoxEggEditor/Content/GoodSky/Source/ArrowTool/T_GoodSky_SkyRing.uasset" 409
"../../../../../ue4 projects/BoxEggEditor/Content/GoodSky/Source/ArrowTool/M_GoodSky_SkyRing_.uasset" 410
"../../../../../ue4 projects/BoxEggEditor/Content/GoodSky/Source/Data/Structure/Structure_GoodSky.uasset" 411
"../../../../../ue4 projects/BoxEggEditor/Content/GoodSky/Source/Data/DataTable/DataTable_GoodSky.uasset" 412
"../../../../../ue4 projects/BoxEggEditor/Content/GoodSky/Source/Data/Curve/Curve_GoodSky_SunDirection_Vector1.uasset" 413
"../../../../../ue4 projects/BoxEggEditor/Content/GoodSky/Source/Data/Curve/Curve_GoodSky_SunDirection_Vector.uasset" 414
"../../../../../ue4 projects/BoxEggEditor/Content/GoodSky/Source/Data/Curve/Curve_GoodSky_horizon_Color.uasset" 415
"../../../../../ue4 projects/BoxEggEditor/Content/GoodSky/Source/Data/Curve/Curve_GoodSky_DomeColor.uasset" 416
"../../../../../ue4 projects/BoxEggEditor/Content/GoodSky/Source/Data/Enum/Enum_GoodSky_MeshType.uasset" 417
"../../../../../ue4 projects/BoxEggEditor/Content/GoodSky/Source/Data/Curve/Curve_GoodSky_BaseCloudColor.uasset" 418
"../../../../../ue4 projects/BoxEggEditor/Content/GoodSky/Source/Data/Curve/Curve_GoodSky_AllOverlayColor.uasset" 419
"../../../../../ue4 projects/BoxEggEditor/Content/GoodSky/Source/Data/Curve/Curve_GoodSky_SunLight.uasset" 420
"../../../../../ue4 projects/BoxEggEditor/Content/GoodSky/Source/Data/Curve/Curve_GoodSky_Stars.uasset" 421
"../../../../../ue4 projects/BoxEggEditor/Content/GoodSky/Blueprint/BP_GoodSky.uasset" 422
"../../../../../ue4 projects/BoxEggEditor/Content/MainShit/UI/crosshair.uasset" 423
"../../../../../ue4 projects/BoxEggEditor/Content/FirstPersonBP/Blueprints/FirstPersonHUD.uasset" 424
"../../../../../ue4 projects/BoxEggEditor/Content/FirstPersonBP/Blueprints/FirstPersonGameMode.uasset" 425
"../../../../../ue4 projects/BoxEggEditor/Content/FirstPerson/Meshes/CubeMaterialOverride.uasset" 426
"../../../../../ue4 projects/BoxEggEditor/Content/FirstPersonBP/Maps/FirstPersonExampleMap.umap" 427
"../../../../../ue4 projects/BoxEggEditor/Content/GoodSky/Source/UI/WB_GoodSky_Menu.uasset" 428
"../../../../../ue4 projects/BoxEggEditor/Content/GoodSky/Maps/Level_GoodSky_Showcase.umap" 429
"../../../../../ue4 projects/BoxEggEditor/Content/MainShit/sounds/real.uasset" 430
"../../../../../ue4 projects/BoxEggEditor/Content/MainShit/sounds/real_Cue.uasset" 431
"../../../../../ue4 projects/BoxEggEditor/Content/MainShit/sounds/gate.uasset" 432
"../../../../../ue4 projects/BoxEggEditor/Content/MainShit/sounds/gate_Cue.uasset" 433
"../../../../../ue4 projects/BoxEggEditor/Content/MainShit/sounds/found_egg_wav.uasset" 434
"../../../../../ue4 projects/BoxEggEditor/Content/MainShit/sounds/found_egg_wav_Cue.uasset" 435
"../../../../../ue4 projects/BoxEggEditor/Content/MainShit/sounds/boop.uasset" 436
"../../../../../ue4 projects/BoxEggEditor/Content/MainShit/sounds/boop_Cue.uasset" 437
"../../../../../ue4 projects/BoxEggEditor/Content/MainShit/sounds/annoying_dudes_wav.uasset" 438
"../../../../../ue4 projects/BoxEggEditor/Content/MainShit/sounds/annoying_dudes_wav_Cue.uasset" 439
"../../../../../ue4 projects/BoxEggEditor/Content/MainShit/music/Little_Beepy_Ditty.uasset" 440
"../../../../../ue4 projects/BoxEggEditor/Content/MainShit/music/Little_Beepy_Ditty_Cue.uasset" 441
"../../../Engine/Content/MapTemplates/daylight.uasset" 442
"../../../../../ue4 projects/BoxEggEditor/Content/MainShit/textures/vent.uasset" 443
"../../../../../ue4 projects/BoxEggEditor/Content/MainShit/textures/vent_Mat.uasset" 444
"../../../../../ue4 projects/BoxEggEditor/Content/MainShit/textures/dark.uasset" 445
"../../../../../ue4 projects/BoxEggEditor/Content/MainShit/textures/dark_Mat.uasset" 446
"../../../../../ue4 projects/BoxEggEditor/Content/MainShit/textures/box.uasset" 447
"../../../../../ue4 projects/BoxEggEditor/Content/MainShit/textures/box_Mat.uasset" 448
"../../../../../ue4 projects/BoxEggEditor/Content/MainShit/textures/better_wall_texture2.uasset" 449
"../../../../../ue4 projects/BoxEggEditor/Content/MainShit/textures/ass_wall_Mat.uasset" 450
"../../../../../ue4 projects/BoxEggEditor/Content/MainShit/textures/ass_tile.uasset" 451
"../../../../../ue4 projects/BoxEggEditor/Content/MainShit/textures/ass_tile_Mat.uasset" 452
"../../../Engine/Content/EngineDebugMaterials/BlackUnlitMaterial.uasset" 453
"../../../../../ue4 projects/BoxEggEditor/Content/MainShit/maps/BankMainLevel_BuiltData.uasset" 454
"../../../../../ue4 projects/BoxEggEditor/Content/MainShit/music/box_friend_lines1.uasset" 455
"../../../../../ue4 projects/BoxEggEditor/Content/MainShit/music/box_friend_lines1_Cue.uasset" 456
"../../../../../ue4 projects/BoxEggEditor/Content/MainShit/2D/window.uasset" 457
"../../../../../ue4 projects/BoxEggEditor/Content/MainShit/2D/window_Sprite.uasset" 458
"../../../../../ue4 projects/BoxEggEditor/Content/MainShit/2D/whit.uasset" 459
"../../../../../ue4 projects/BoxEggEditor/Content/MainShit/2D/whit_Sprite.uasset" 460
"../../../../../ue4 projects/BoxEggEditor/Content/MainShit/2D/the_end.uasset" 461
"../../../../../ue4 projects/BoxEggEditor/Content/MainShit/2D/the_end_Sprite.uasset" 462
"../../../../../ue4 projects/BoxEggEditor/Content/MainShit/2D/them.uasset" 463
"../../../../../ue4 projects/BoxEggEditor/Content/MainShit/2D/them_Sprite.uasset" 464
"../../../../../ue4 projects/BoxEggEditor/Content/MainShit/2D/sploot.uasset" 465
"../../../../../ue4 projects/BoxEggEditor/Content/MainShit/2D/sploot_Sprite.uasset" 466
"../../../../../ue4 projects/BoxEggEditor/Content/MainShit/2D/nik_ass.uasset" 467
"../../../../../ue4 projects/BoxEggEditor/Content/MainShit/2D/nik_ass_Sprite.uasset" 468
"../../../../../ue4 projects/BoxEggEditor/Content/MainShit/2D/entrance.uasset" 469
"../../../../../ue4 projects/BoxEggEditor/Content/MainShit/2D/entrance_Sprite.uasset" 470
"../../../../../ue4 projects/BoxEggEditor/Content/MainShit/2D/DOOOR.uasset" 471
"../../../../../ue4 projects/BoxEggEditor/Content/MainShit/2D/DOOOR_Sprite.uasset" 472
"../../../../../ue4 projects/BoxEggEditor/Content/MainShit/2D/bars.uasset" 473
"../../../../../ue4 projects/BoxEggEditor/Content/MainShit/2D/bars_Sprite.uasset" 474
"../../../../../ue4 projects/BoxEggEditor/Content/MainShit/2D/asston.uasset" 475
"../../../../../ue4 projects/BoxEggEditor/Content/MainShit/2D/asston_Sprite.uasset" 476
"../../../../../ue4 projects/BoxEggEditor/Content/MainShit/maps/BankMainLevel.umap" 477
"../../../Engine/Content/EditorMeshes/ColorCalibrator/M_GreyBall.uasset" 478
"../../../Engine/Content/EditorMeshes/ColorCalibrator/Color_checker.uasset" 479
"../../../Engine/Content/EditorMeshes/ColorCalibrator/M_ColorGrid.uasset" 480
"../../../Engine/Content/EditorMeshes/ColorCalibrator/M_ClearCoatBlack.uasset" 481
"../../../Engine/Content/EditorMeshes/ColorCalibrator/M_ClearCoat.uasset" 482
"../../../Engine/Content/EditorMeshes/ColorCalibrator/M_ChromeBall.uasset" 483
"../../../Engine/Content/EditorMeshes/ColorCalibrator/SM_ColorCalibrator.uasset" 484
"../../../../../ue4 projects/BoxEggEditor/Content/StarterContent/Maps/Advanced_Lighting_BuiltData.uasset" 485
"../../../../../ue4 projects/BoxEggEditor/Content/StarterContent/HDRI/HDRI_Epic_Courtyard_Daylight.uasset" 486
"../../../Engine/Content/MapTemplates/Sky/DaylightAmbientCubemap.uasset" 487
"../../../../../ue4 projects/BoxEggEditor/Content/StarterContent/Blueprints/Assets/M_LightStage_Skybox_Master.uasset" 488
"../../../../../ue4 projects/BoxEggEditor/Content/StarterContent/Blueprints/Assets/M_LightStage_Skybox_HDRI.uasset" 489
"../../../../../ue4 projects/BoxEggEditor/Content/StarterContent/Blueprints/Assets/M_LightStage_Arrows.uasset" 490
"../../../../../ue4 projects/BoxEggEditor/Content/StarterContent/Blueprints/Assets/SM_Arrows.uasset" 491
"../../../Engine/Content/EditorMaterials/Thumbnails/SkySphereMaterial.uasset" 492
"../../../../../ue4 projects/BoxEggEditor/Content/StarterContent/Blueprints/Assets/Skybox.uasset" 493
"../../../../../ue4 projects/BoxEggEditor/Content/StarterContent/Blueprints/Assets/M_LightStage_Skybox_Black.uasset" 494
"../../../../../ue4 projects/BoxEggEditor/Content/StarterContent/Blueprints/Assets/SunlightColorLUT.uasset" 495
"../../../../../ue4 projects/BoxEggEditor/Content/StarterContent/Blueprints/Assets/FogBrightnessLUT.uasset" 496
"../../../../../ue4 projects/BoxEggEditor/Content/StarterContent/Blueprints/BP_LightStudio.uasset" 497
"../../../../../ue4 projects/BoxEggEditor/Content/StarterContent/Materials/M_AssetPlatform.uasset" 498
"../../../../../ue4 projects/BoxEggEditor/Content/StarterContent/Architecture/SM_AssetPlatform.uasset" 499
"../../../../../ue4 projects/BoxEggEditor/Content/StarterContent/Maps/Advanced_Lighting.umap" 500
"../../../../../ue4 projects/BoxEggEditor/Content/StarterContent/Textures/T_TableRound_N.uasset" 501
"../../../../../ue4 projects/BoxEggEditor/Content/StarterContent/Textures/T_TableRound_M.uasset" 502
"../../../../../ue4 projects/BoxEggEditor/Content/StarterContent/Props/Materials/M_TableRound.uasset" 503
"../../../../../ue4 projects/BoxEggEditor/Content/StarterContent/Props/SM_TableRound.uasset" 504
"../../../../../ue4 projects/BoxEggEditor/Content/StarterContent/Textures/T_Statue_N.uasset" 505
"../../../../../ue4 projects/BoxEggEditor/Content/StarterContent/Textures/T_Statue_M.uasset" 506
"../../../../../ue4 projects/BoxEggEditor/Content/StarterContent/Props/Materials/M_Statue.uasset" 507
"../../../../../ue4 projects/BoxEggEditor/Content/StarterContent/Props/Materials/M_StatueGlass.uasset" 508
"../../../../../ue4 projects/BoxEggEditor/Content/StarterContent/Props/SM_Statue.uasset" 509
"../../../../../ue4 projects/BoxEggEditor/Content/StarterContent/Props/SM_Chair.uasset" 510
"../../../../../ue4 projects/BoxEggEditor/Content/StarterContent/Textures/T_Metal_Copper_D.uasset" 511
"../../../../../ue4 projects/BoxEggEditor/Content/StarterContent/Textures/T_Metal_Gold_N.uasset" 512
"../../../../../ue4 projects/BoxEggEditor/Content/StarterContent/Textures/T_MacroVariation.uasset" 513
"../../../../../ue4 projects/BoxEggEditor/Content/StarterContent/Materials/M_Metal_Copper.uasset" 514
"../../../../../ue4 projects/BoxEggEditor/Content/StarterContent/Textures/T_Metal_Aluminum_D.uasset" 515
"../../../../../ue4 projects/BoxEggEditor/Content/StarterContent/Materials/M_Metal_Burnished_Steel.uasset" 516
"../../../../../ue4 projects/BoxEggEditor/Content/StarterContent/Materials/M_Metal_Brushed_Nickel.uasset" 517
"../../../Engine/Content/EngineSky/T_Sky_Stars.uasset" 518
"../../../Engine/Content/EngineSky/T_Sky_Clouds_M.uasset" 519
"../../../Engine/Content/EngineSky/T_Sky_Blue.uasset" 520
"../../../Engine/Content/EngineSky/M_Sky_Panning_Clouds2.uasset" 521
"../../../../../ue4 projects/BoxEggEditor/Content/StarterContent/Maps/Minimal_Default_BuiltData.uasset" 522
"../../../Engine/Content/EngineSky/SM_SkySphere.uasset" 523
"../../../Engine/Content/EngineSky/C_Sky_Zenith_Color.uasset" 524
"../../../Engine/Content/EngineSky/C_Sky_Horizon_Color.uasset" 525
"../../../Engine/Content/EngineSky/C_Sky_Cloud_Color.uasset" 526
"../../../Engine/Content/EngineSky/BP_Sky_Sphere.uasset" 527
"../../../../../ue4 projects/BoxEggEditor/Content/StarterContent/Audio/Starter_Background_Cue.uasset" 528
"../../../../../ue4 projects/BoxEggEditor/Content/StarterContent/Architecture/Floor_400x400.uasset" 529
"../../../../../ue4 projects/BoxEggEditor/Content/StarterContent/Maps/Minimal_Default.umap" 530
"../../../../../ue4 projects/BoxEggEditor/Content/StarterContent/Textures/T_Tech_Hex_Tile_N.uasset" 531
"../../../../../ue4 projects/BoxEggEditor/Content/StarterContent/Textures/T_Tech_Hex_Tile_M.uasset" 532
"../../../../../ue4 projects/BoxEggEditor/Content/StarterContent/Materials/M_Tech_Hex_Tile_Pulse.uasset" 533
"../../../../../ue4 projects/BoxEggEditor/Content/StarterContent/Materials/M_Tech_Hex_Tile.uasset" 534
"../../../../../ue4 projects/BoxEggEditor/Content/StarterContent/Textures/T_Tech_Dot_N.uasset" 535
"../../../../../ue4 projects/BoxEggEditor/Content/StarterContent/Textures/T_Tech_Dot_M.uasset" 536
"../../../../../ue4 projects/BoxEggEditor/Content/StarterContent/Textures/T_Single_Tile_N.uasset" 537
"../../../../../ue4 projects/BoxEggEditor/Content/StarterContent/Textures/T_Checker_Noise_M.uasset" 538
"../../../../../ue4 projects/BoxEggEditor/Content/StarterContent/Materials/M_Tech_Checker_Dot.uasset" 539
"../../../../../ue4 projects/BoxEggEditor/Content/StarterContent/Textures/T_Rock_Slate_N.uasset" 540
"../../../../../ue4 projects/BoxEggEditor/Content/StarterContent/Textures/T_Rock_Slate_D.uasset" 541
"../../../../../ue4 projects/BoxEggEditor/Content/StarterContent/Textures/T_Perlin_Noise_M.uasset" 542
"../../../../../ue4 projects/BoxEggEditor/Content/StarterContent/Materials/M_Rock_Slate.uasset" 543
"../../../../../ue4 projects/BoxEggEditor/Content/StarterContent/Textures/T_Rock_Sandstone_N.uasset" 544
"../../../../../ue4 projects/BoxEggEditor/Content/StarterContent/Textures/T_Rock_Sandstone_D.uasset" 545
"../../../../../ue4 projects/BoxEggEditor/Content/StarterContent/Materials/M_Rock_Sandstone.uasset" 546
"../../../../../ue4 projects/BoxEggEditor/Content/StarterContent/Textures/T_Rock_Marble_Polished_D.uasset" 547
"../../../../../ue4 projects/BoxEggEditor/Content/StarterContent/Materials/M_Rock_Marble_Polished.uasset" 548
"../../../../../ue4 projects/BoxEggEditor/Content/StarterContent/Textures/T_Rock_Basalt_N.uasset" 549
"../../../../../ue4 projects/BoxEggEditor/Content/StarterContent/Materials/M_Rock_Basalt.uasset" 550
"../../../../../ue4 projects/BoxEggEditor/Content/StarterContent/Textures/T_Metal_Steel_N.uasset" 551
"../../../../../ue4 projects/BoxEggEditor/Content/StarterContent/Textures/T_Metal_Steel_D.uasset" 552
"../../../../../ue4 projects/BoxEggEditor/Content/StarterContent/Materials/M_Metal_Steel.uasset" 553
"../../../../../ue4 projects/BoxEggEditor/Content/StarterContent/Textures/T_Metal_Rust_D.uasset" 554
"../../../../../ue4 projects/BoxEggEditor/Content/StarterContent/Textures/T_Metal_Rust_N.uasset" 555
"../../../../../ue4 projects/BoxEggEditor/Content/StarterContent/Materials/M_Metal_Rust.uasset" 556
"../../../../../ue4 projects/BoxEggEditor/Content/StarterContent/Textures/T_Metal_Gold_D.uasset" 557
"../../../../../ue4 projects/BoxEggEditor/Content/StarterContent/Materials/M_Metal_Gold.uasset" 558
"../../../../../ue4 projects/BoxEggEditor/Content/StarterContent/Materials/M_Metal_Chrome.uasset" 559
"../../../../../ue4 projects/BoxEggEditor/Content/StarterContent/Textures/T_Ground_Moss_N.uasset" 560
"../../../../../ue4 projects/BoxEggEditor/Content/StarterContent/Textures/T_ground_Moss_D.uasset" 561
"../../../../../ue4 projects/BoxEggEditor/Content/StarterContent/Materials/M_Ground_Moss.uasset" 562
"../../../../../ue4 projects/BoxEggEditor/Content/StarterContent/Textures/T_Ground_Gravel_N.uasset" 563
"../../../../../ue4 projects/BoxEggEditor/Content/StarterContent/Textures/T_Ground_Gravel_D.uasset" 564
"../../../../../ue4 projects/BoxEggEditor/Content/StarterContent/Materials/M_Ground_Gravel.uasset" 565
"../../../../../ue4 projects/BoxEggEditor/Content/StarterContent/Textures/T_Ground_Grass_N.uasset" 566
"../../../../../ue4 projects/BoxEggEditor/Content/StarterContent/Textures/T_Ground_Grass_D.uasset" 567
"../../../../../ue4 projects/BoxEggEditor/Content/StarterContent/Materials/M_Ground_Grass.uasset" 568
"../../../../../ue4 projects/BoxEggEditor/Content/StarterContent/Textures/T_Concrete_Tiles_Variation_M.uasset" 569
"../../../../../ue4 projects/BoxEggEditor/Content/StarterContent/Textures/T_Concrete_Tiles_N.uasset" 570
"../../../../../ue4 projects/BoxEggEditor/Content/StarterContent/Textures/T_Concrete_Tiles_M.uasset" 571
"../../../../../ue4 projects/BoxEggEditor/Content/StarterContent/Textures/T_Concrete_Tiles_D.uasset" 572
"../../../../../ue4 projects/BoxEggEditor/Content/StarterContent/Materials/M_Concrete_Tiles.uasset" 573
"../../../../../ue4 projects/BoxEggEditor/Content/StarterContent/Textures/T_Concrete_Panels_N.uasset" 574
"../../../../../ue4 projects/BoxEggEditor/Content/StarterContent/Textures/T_Concrete_Panels_D.uasset" 575
"../../../../../ue4 projects/BoxEggEditor/Content/StarterContent/Materials/M_Concrete_Panels.uasset" 576
"../../../../../ue4 projects/BoxEggEditor/Content/StarterContent/Textures/T_Concrete_Grime_D.uasset" 577
"../../../../../ue4 projects/BoxEggEditor/Content/StarterContent/Materials/M_Concrete_Grime.uasset" 578
"../../../../../ue4 projects/BoxEggEditor/Content/StarterContent/Textures/T_CobbleStone_Smooth_N.uasset" 579
"../../../../../ue4 projects/BoxEggEditor/Content/StarterContent/Textures/T_CobbleStone_Smooth_M.uasset" 580
"../../../../../ue4 projects/BoxEggEditor/Content/StarterContent/Textures/T_CobbleStone_Smooth_D.uasset" 581
"../../../../../ue4 projects/BoxEggEditor/Content/StarterContent/Textures/T_Rock_Smooth_Granite_D.uasset" 582
"../../../../../ue4 projects/BoxEggEditor/Content/StarterContent/Textures/T_Gradinet_01.uasset" 583
"../../../../../ue4 projects/BoxEggEditor/Content/StarterContent/Materials/M_CobbleStone_Smooth.uasset" 584
"../../../../../ue4 projects/BoxEggEditor/Content/StarterContent/Textures/T_CobbleStone_Rough_N.uasset" 585
"../../../../../ue4 projects/BoxEggEditor/Content/StarterContent/Textures/T_CobbleStone_Rough_D.uasset" 586
"../../../../../ue4 projects/BoxEggEditor/Content/StarterContent/Materials/M_CobbleStone_Rough.uasset" 587
"../../../../../ue4 projects/BoxEggEditor/Content/StarterContent/Textures/T_CobbleStone_Pebble_N.uasset" 588
"../../../../../ue4 projects/BoxEggEditor/Content/StarterContent/Textures/T_CobbleStone_Pebble_M.uasset" 589
"../../../../../ue4 projects/BoxEggEditor/Content/StarterContent/Textures/T_CobbleStone_Pebble_D.uasset" 590
"../../../../../ue4 projects/BoxEggEditor/Content/StarterContent/Materials/M_CobbleStone_Pebble.uasset" 591
"../../../../../ue4 projects/BoxEggEditor/Content/StarterContent/Textures/T_Ceramic_Tile_N.uasset" 592
"../../../../../ue4 projects/BoxEggEditor/Content/StarterContent/Textures/T_Ceramic_Tile_M.uasset" 593
"../../../../../ue4 projects/BoxEggEditor/Content/StarterContent/Materials/M_Ceramic_Tile_Checker.uasset" 594
"../../../../../ue4 projects/BoxEggEditor/Content/StarterContent/Textures/T_Brick_Hewn_Stone_N.uasset" 595
"../../../../../ue4 projects/BoxEggEditor/Content/StarterContent/Textures/T_Brick_Hewn_Stone_M.uasset" 596
"../../../../../ue4 projects/BoxEggEditor/Content/StarterContent/Textures/T_Brick_Hewn_Stone_D.uasset" 597
"../../../../../ue4 projects/BoxEggEditor/Content/StarterContent/Materials/M_Brick_Hewn_Stone.uasset" 598
"../../../../../ue4 projects/BoxEggEditor/Content/StarterContent/Textures/T_Brick_Cut_Stone_N.uasset" 599
"../../../../../ue4 projects/BoxEggEditor/Content/StarterContent/Textures/T_Brick_Cut_Stone_D.uasset" 600
"../../../../../ue4 projects/BoxEggEditor/Content/StarterContent/Materials/M_Brick_Cut_Stone.uasset" 601
"../../../../../ue4 projects/BoxEggEditor/Content/StarterContent/Textures/T_Brick_Clay_Old_N.uasset" 602
"../../../../../ue4 projects/BoxEggEditor/Content/StarterContent/Textures/T_Brick_Clay_Old_D.uasset" 603
"../../../../../ue4 projects/BoxEggEditor/Content/StarterContent/Materials/M_Brick_Clay_Old.uasset" 604
"../../../../../ue4 projects/BoxEggEditor/Content/StarterContent/Textures/T_Brick_Clay_New_N.uasset" 605
"../../../../../ue4 projects/BoxEggEditor/Content/StarterContent/Textures/T_Brick_Clay_New_M.uasset" 606
"../../../../../ue4 projects/BoxEggEditor/Content/StarterContent/Textures/T_Brick_Clay_New_D.uasset" 607
"../../../../../ue4 projects/BoxEggEditor/Content/StarterContent/Materials/M_Brick_Clay_New.uasset" 608
"../../../../../ue4 projects/BoxEggEditor/Content/StarterContent/Textures/T_Brick_Clay_Beveled_N.uasset" 609
"../../../../../ue4 projects/BoxEggEditor/Content/StarterContent/Textures/T_Brick_Clay_Beveled_M.uasset" 610
"../../../../../ue4 projects/BoxEggEditor/Content/StarterContent/Textures/T_Brick_Clay_Beveled_D.uasset" 611
"../../../../../ue4 projects/BoxEggEditor/Content/StarterContent/Materials/M_Brick_Clay_Beveled.uasset" 612
"../../../Engine/Content/Functions/Engine_MaterialFunctions03/Procedurals/ComputeFilterWidth.uasset" 613
"../../../Engine/Content/EngineMaterials/AntiAliasedTextMaterialTranslucent.uasset" 614
"../../../../../ue4 projects/BoxEggEditor/Content/StarterContent/Maps/StarterMap_BuiltData.uasset" 615
"../../../../../ue4 projects/BoxEggEditor/Content/StarterContent/Textures/T_Concrete_Poured_N.uasset" 616
"../../../../../ue4 projects/BoxEggEditor/Content/StarterContent/Textures/T_Concrete_Poured_D.uasset" 617
"../../../../../ue4 projects/BoxEggEditor/Content/StarterContent/Materials/M_Concrete_Poured.uasset" 618
"../../../../../ue4 projects/BoxEggEditor/Content/StarterContent/Textures/T_Lamp_N.uasset" 619
"../../../../../ue4 projects/BoxEggEditor/Content/StarterContent/Textures/T_Lamp_M.uasset" 620
"../../../../../ue4 projects/BoxEggEditor/Content/StarterContent/Props/Materials/M_Lamp.uasset" 621
"../../../../../ue4 projects/BoxEggEditor/Content/StarterContent/Props/SM_Lamp_Wall.uasset" 622
"../../../../../ue4 projects/BoxEggEditor/Content/StarterContent/Blueprints/Blueprint_WallSconce.uasset" 623
"../../../../../ue4 projects/BoxEggEditor/Content/StarterContent/Particles/P_Steam_Lit.uasset" 624
"../../../../../ue4 projects/BoxEggEditor/Content/StarterContent/Audio/Steam01_Cue.uasset" 625
"../../../../../ue4 projects/BoxEggEditor/Content/StarterContent/Blueprints/Blueprint_Effect_Steam.uasset" 626
"../../../../../ue4 projects/BoxEggEditor/Content/StarterContent/Textures/T_Spark_Core.uasset" 627
"../../../../../ue4 projects/BoxEggEditor/Content/StarterContent/Particles/Materials/M_Spark.uasset" 628
"../../../../../ue4 projects/BoxEggEditor/Content/StarterContent/Particles/Materials/M_Radial_Gradient.uasset" 629
"../../../../../ue4 projects/BoxEggEditor/Content/StarterContent/Particles/P_Sparks.uasset" 630
"../../../../../ue4 projects/BoxEggEditor/Content/StarterContent/Audio/Fire_Sparks01_Cue.uasset" 631
"../../../../../ue4 projects/BoxEggEditor/Content/StarterContent/Blueprints/Blueprint_Effect_Sparks.uasset" 632
"../../../../../ue4 projects/BoxEggEditor/Content/StarterContent/Particles/P_Smoke.uasset" 633
"../../../../../ue4 projects/BoxEggEditor/Content/StarterContent/Audio/Smoke01_Cue.uasset" 634
"../../../../../ue4 projects/BoxEggEditor/Content/StarterContent/Blueprints/Blueprint_Effect_Smoke.uasset" 635
"../../../../../ue4 projects/BoxEggEditor/Content/StarterContent/Textures/T_Water_N.uasset" 636
"../../../../../ue4 projects/BoxEggEditor/Content/StarterContent/Particles/Materials/M_Heat_Distortion.uasset" 637
"../../../../../ue4 projects/BoxEggEditor/Content/StarterContent/Textures/T_Fire_Tiled_D.uasset" 638
"../../../../../ue4 projects/BoxEggEditor/Content/StarterContent/Textures/T_Fire_SubUV.uasset" 639
"../../../../../ue4 projects/BoxEggEditor/Content/StarterContent/Particles/Materials/M_Fire_SubUV.uasset" 640
"../../../../../ue4 projects/BoxEggEditor/Content/StarterContent/Particles/P_Fire.uasset" 641
"../../../../../ue4 projects/BoxEggEditor/Content/StarterContent/Audio/Fire01_Cue.uasset" 642
"../../../../../ue4 projects/BoxEggEditor/Content/StarterContent/Blueprints/Blueprint_Effect_Fire.uasset" 643
"../../../../../ue4 projects/BoxEggEditor/Content/StarterContent/Props/SM_Lamp_Ceiling.uasset" 644
"../../../../../ue4 projects/BoxEggEditor/Content/StarterContent/Blueprints/Blueprint_CeilingLight.uasset" 645
"../../../../../ue4 projects/BoxEggEditor/Content/StarterContent/Audio/Starter_Music_Cue.uasset" 646
"../../../../../ue4 projects/BoxEggEditor/Content/StarterContent/Shapes/Shape_Sphere.uasset" 647
"../../../../../ue4 projects/BoxEggEditor/Content/StarterContent/Shapes/Shape_QuadPyramid.uasset" 648
"../../../../../ue4 projects/BoxEggEditor/Content/StarterContent/Shapes/Shape_Cube.uasset" 649
"../../../../../ue4 projects/BoxEggEditor/Content/StarterContent/Textures/T_Frame_N.uasset" 650
"../../../../../ue4 projects/BoxEggEditor/Content/StarterContent/Textures/T_Frame_M.uasset" 651
"../../../../../ue4 projects/BoxEggEditor/Content/StarterContent/Props/Materials/M_Frame.uasset" 652
"../../../../../ue4 projects/BoxEggEditor/Content/StarterContent/Props/SM_WindowFrame.uasset" 653
"../../../../../ue4 projects/BoxEggEditor/Content/StarterContent/Props/SM_PillarFrame300.uasset" 654
"../../../../../ue4 projects/BoxEggEditor/Content/StarterContent/Props/SM_PillarFrame.uasset" 655
"../../../../../ue4 projects/BoxEggEditor/Content/StarterContent/Props/SM_GlassWindow.uasset" 656
"../../../../../ue4 projects/BoxEggEditor/Content/StarterContent/Props/SM_DoorFrame.uasset" 657
"../../../../../ue4 projects/BoxEggEditor/Content/StarterContent/Props/SM_CornerFrame.uasset" 658
"../../../../../ue4 projects/BoxEggEditor/Content/StarterContent/Props/MaterialSphere.uasset" 659
"../../../../../ue4 projects/BoxEggEditor/Content/StarterContent/Textures/T_Dust_Particle_D.uasset" 660
"../../../../../ue4 projects/BoxEggEditor/Content/StarterContent/Particles/Materials/M_Dust_Particle.uasset" 661
"../../../../../ue4 projects/BoxEggEditor/Content/StarterContent/Particles/P_Ambient_Dust.uasset" 662
"../../../../../ue4 projects/BoxEggEditor/Content/StarterContent/Textures/T_Wood_Walnut_N.uasset" 663
"../../../../../ue4 projects/BoxEggEditor/Content/StarterContent/Textures/T_Wood_Walnut_D.uasset" 664
"../../../../../ue4 projects/BoxEggEditor/Content/StarterContent/Materials/M_Wood_Walnut.uasset" 665
"../../../../../ue4 projects/BoxEggEditor/Content/StarterContent/Textures/T_Wood_Pine_N.uasset" 666
"../../../../../ue4 projects/BoxEggEditor/Content/StarterContent/Textures/T_Wood_Pine_D.uasset" 667
"../../../../../ue4 projects/BoxEggEditor/Content/StarterContent/Materials/M_Wood_Pine.uasset" 668
"../../../../../ue4 projects/BoxEggEditor/Content/StarterContent/Textures/T_Wood_Oak_N.uasset" 669
"../../../../../ue4 projects/BoxEggEditor/Content/StarterContent/Textures/T_Wood_Oak_D.uasset" 670
"../../../../../ue4 projects/BoxEggEditor/Content/StarterContent/Materials/M_Wood_Oak.uasset" 671
"../../../Engine/Content/Functions/Engine_MaterialFunctions01/Opacity/AlphaOffset.uasset" 672
"../../../../../ue4 projects/BoxEggEditor/Content/StarterContent/Textures/T_Wood_Floor_Walnut_N.uasset" 673
"../../../../../ue4 projects/BoxEggEditor/Content/StarterContent/Textures/T_Wood_Floor_Walnut_M.uasset" 674
"../../../../../ue4 projects/BoxEggEditor/Content/StarterContent/Textures/T_Wood_Floor_Walnut_D.uasset" 675
"../../../../../ue4 projects/BoxEggEditor/Content/StarterContent/Materials/M_Wood_Floor_Walnut_Worn.uasset" 676
"../../../../../ue4 projects/BoxEggEditor/Content/StarterContent/Materials/M_Wood_Floor_Walnut_Polished.uasset" 677
"../../../../../ue4 projects/BoxEggEditor/Content/StarterContent/Textures/T_Water_M.uasset" 678
"../../../../../ue4 projects/BoxEggEditor/Content/StarterContent/Materials/M_Water_Ocean.uasset" 679
"../../../../../ue4 projects/BoxEggEditor/Content/StarterContent/Materials/M_Water_Lake.uasset" 680
"../../../../../ue4 projects/BoxEggEditor/Content/StarterContent/Textures/T_Tech_Panel_N.uasset" 681
"../../../../../ue4 projects/BoxEggEditor/Content/StarterContent/Textures/T_Tech_Panel_M.uasset" 682
"../../../../../ue4 projects/BoxEggEditor/Content/StarterContent/Materials/M_Tech_Panel.uasset" 683
"../../../../../ue4 projects/BoxEggEditor/Content/StarterContent/Audio/Collapse_Cue.uasset" 684
"../../../../../ue4 projects/BoxEggEditor/Content/StarterContent/Architecture/Wall_Window_400x300.uasset" 685
"../../../../../ue4 projects/BoxEggEditor/Content/StarterContent/Architecture/Wall_Door_400x300.uasset" 686
"../../../../../ue4 projects/BoxEggEditor/Content/StarterContent/Architecture/Wall_400x200.uasset" 687
"../../../../../ue4 projects/BoxEggEditor/Content/StarterContent/Maps/StarterMap.umap" 688
"../../../Engine/Content/Maps/Entry_BuiltData.uasset" 689
"../../../Engine/Content/Maps/Entry.umap" 690
